<?xml version="1.0" encoding="UTF-8"?>
<testng-results skipped="0" failed="0" ignored="0" total="1" passed="1">
  <reporter-output>
  </reporter-output>
  <suite name="Default suite" duration-ms="31822" started-at="2020-10-22T23:09:45 IST" finished-at="2020-10-22T23:10:17 IST">
    <groups>
    </groups>
    <test name="Default test" duration-ms="31822" started-at="2020-10-22T23:09:45 IST" finished-at="2020-10-22T23:10:17 IST">
      <class name="flipkart.assignment.com.FlipkartTest">
        <test-method status="PASS" signature="openBrowser()[pri:0, instance:flipkart.assignment.com.FlipkartTest@419c5f1a]" name="openBrowser" is-config="true" duration-ms="1905" started-at="2020-10-22T23:09:45 IST" finished-at="2020-10-22T23:09:47 IST">
          <reporter-output>
          </reporter-output>
        </test-method> <!-- openBrowser -->
        <test-method status="PASS" signature="getIphoneData()[pri:0, instance:flipkart.assignment.com.FlipkartTest@419c5f1a]" name="getIphoneData" duration-ms="29777" started-at="2020-10-22T23:09:47 IST" finished-at="2020-10-22T23:10:17 IST">
          <reporter-output>
          </reporter-output>
        </test-method> <!-- getIphoneData -->
        <test-method status="PASS" signature="closeBrowser()[pri:0, instance:flipkart.assignment.com.FlipkartTest@419c5f1a]" name="closeBrowser" is-config="true" duration-ms="103" started-at="2020-10-22T23:10:17 IST" finished-at="2020-10-22T23:10:17 IST">
          <reporter-output>
          </reporter-output>
        </test-method> <!-- closeBrowser -->
      </class> <!-- flipkart.assignment.com.FlipkartTest -->
    </test> <!-- Default test -->
  </suite> <!-- Default suite -->
</testng-results>
